<?xml version="1.0" encoding="UTF-8"?>
<!-- Generated by org.testng.reporters.JUnitReportReporter -->
<testsuite hostname="DESKTOP-EIQNC61" failures="0" tests="1" name="demo.Test1" time="0.787" errors="0" timestamp="2024-04-02T23:30:02 IST" skipped="0">
  <testcase classname="demo.Test1" name="main" time="0.787"/>
</testsuite> <!-- demo.Test1 -->
